[2018-10-20 13:47:19,953 - GDC - INFO] Percentage of tumor cases in training set is 0
[2018-10-20 13:47:19,954 - GDC - INFO] Percentage of tumor cases in test set is 0
[2018-10-20 13:47:21,954 - GDC - INFO] selected features are [88, 185, 505, 969, 1099]
[2018-10-21 13:10:01,069 - GDC - INFO] 42 Normal samples, 853 Tumor samples 
[2018-10-21 13:17:27,827 - GDC - INFO] 42 Normal samples, 853 Tumor samples 
[2018-10-21 13:35:50,761 - GDC - INFO] 42 Normal samples, 853 Tumor samples 
[2018-10-21 13:48:22,953 - GDC - INFO] 50 Normal samples, 375 Tumor samples 
[2018-10-21 13:50:42,678 - GDC - INFO] 42 Normal samples, 853 Tumor samples 
[2018-10-21 14:03:40,129 - GDC - INFO] 691 Normal samples, 10324 Tumor samples 
[2018-10-21 14:17:45,575 - GDC - INFO] 691 Normal samples, 10324 Tumor samples 
[2018-10-21 14:21:13,407 - GDC - INFO] 691 Normal samples, 10795 Tumor samples 
[2018-10-21 14:28:57,162 - GDC - INFO] 691 Normal samples, 10795 Tumor samples 
[2018-10-21 14:29:14,685 - GDC - INFO] 691 Normal samples, 10795 Tumor samples 
[2018-10-21 14:31:30,308 - GDC - INFO] 691 Normal samples, 10795 Tumor samples 
[2018-10-21 14:32:43,446 - GDC - INFO] 691 Normal samples, 10795 Tumor samples 
[2018-10-21 14:33:00,462 - GDC - INFO] 691 Normal samples, 10795 Tumor samples 
[2018-10-21 14:33:44,337 - GDC - INFO] 691 Normal samples, 10795 Tumor samples 
[2018-10-21 14:34:00,650 - GDC - INFO] 691 Normal samples, 10795 Tumor samples 
[2018-10-21 14:38:59,076 - GDC - INFO] 691 Normal samples, 10795 Tumor samples 
[2018-10-21 16:39:35,268 - GDC - INFO] 691 Normal samples, 0 Tumor samples 
[2018-10-21 16:40:06,057 - GDC - INFO] 691 Normal samples, 11486 Tumor samples 
[2018-10-21 17:25:58,012 - GDC - INFO] 691 Normal samples, 11486 Tumor samples 
[2018-10-22 00:09:46,721 - GDC - INFO] Percentage of tumor cases in training set is nan
[2018-10-22 00:09:46,738 - GDC - INFO] Percentage of tumor cases in test set is nan
[2018-10-22 02:03:55,532 - GDC - INFO] scores are {'KNeighborsClassifier': [0.15168752370117558, 0.15168752370117558, 0.15168752370117558, 0.15168752370117558, -0.005326231691078562]}
[2018-10-22 02:06:57,015 - GDC - INFO] scores are {'KNeighborsClassifier': [0.15168752370117558, 0.15168752370117558, 0.15168752370117558, 0.15168752370117558, -0.005326231691078562]}
[2018-10-22 02:11:12,276 - GDC - INFO] scores are {'KNeighborsClassifier': [0.15168752370117558, 0.15168752370117558, 0.15168752370117558, 0.15168752370117558, -0.005326231691078562]}
[2018-10-22 02:11:35,054 - GDC - INFO] scores are {'KNeighborsClassifier': [0.15168752370117558, 0.15168752370117558, 0.15168752370117558, 0.15168752370117558, -0.005326231691078562]}
[2018-10-22 02:23:12,762 - GDC - INFO] scores are {'KNeighborsClassifier': [0.19681456200227532, 0.19681456200227532, 0.19681456200227532, 0.19681456200227532, -0.006377461630107225]}
[2018-10-22 02:59:13,927 - GDC - INFO] scores are {'KNeighborsClassifier': [0.12400455062571103, 0.12400455062571103, 0.12400455062571103, 0.12400455062571103, -0.00529119069311094]}
[2018-10-22 03:32:14,216 - GDC - INFO] scores are {'KNeighborsClassifier': [0.3039611964430073, 0.3039611964430073, 0.3039611964430073, 0.3039611964430073, -0.017420015939883866]}
[2018-10-22 13:59:10,230 - GDC - INFO] scores are {'KNeighborsClassifier': [0.5087906233351093, 0.5087906233351093, 0.5087906233351093, 0.5087906233351093, -0.0]}
[2018-10-22 14:01:18,946 - GDC - INFO] scores are {'KNeighborsClassifier': [0.5087906233351093, 0.5087906233351093, 0.5087906233351093, 0.5087906233351093, -0.0]}
[2018-10-22 14:04:17,999 - GDC - INFO] scores are {'KNeighborsClassifier': [0.5610217596972564, 0.5610217596972564, 0.5610217596972564, 0.5610217596972564, -0.0]}
[2018-10-22 14:21:49,393 - GDC - INFO] scores are {'KNeighborsClassifier': [0.543046357615894, 0.543046357615894, 0.543046357615894, 0.543046357615894, -0.006079867348348763]}
[2018-10-22 14:28:46,983 - GDC - INFO] scores are {'KNeighborsClassifier': [0.5610217596972564, 0.5610217596972564, 0.5610217596972564, 0.5610217596972564, -0.0]}
[2018-10-22 14:32:40,416 - GDC - INFO] scores are {'KNeighborsClassifier': [0.5610217596972564, 0.5610217596972564, 0.5610217596972564, 0.5610217596972564, -0.0]}
[2018-10-22 14:42:29,607 - GDC - INFO] scores are {'KNeighborsClassifier': [0.5597592433361995, 0.5597592433361995, 0.5597592433361995, 0.5597592433361995, -0.011828687967369137]}
[2018-10-22 14:59:39,760 - GDC - INFO] scores are {'KNeighborsClassifier': [0.5597592433361995, 0.5597592433361995, 0.5597592433361995, 0.5597592433361995, -0.011828687967369137]}
[2018-10-22 15:08:13,960 - GDC - INFO] scores are {'KNeighborsClassifier': [0.5597592433361995, 0.5597592433361995, 0.5597592433361995, 0.5597592433361995, -0.011828687967369137]}
[2018-10-22 15:16:00,209 - GDC - INFO] scores are {'KNeighborsClassifier': [0.5795356835769562, 0.5795356835769562, 0.5795356835769562, 0.5795356835769562, -0.014547926580557443]}
[2018-10-22 15:21:03,705 - GDC - INFO] scores are {'KNeighborsClassifier': [0.5391229578675838, 0.5391229578675838, 0.5391229578675838, 0.5391229578675838, -0.011964649898028552]}
[2018-10-22 16:00:48,133 - GDC - INFO] scores are {'KNeighborsClassifier': [0.45055889939810834, 0.45055889939810834, 0.45055889939810834, 0.45055889939810834, -0.006390210740992522]}
[2018-10-22 16:08:03,263 - GDC - INFO] scores are {'KNeighborsClassifier': [0.4017857142857143, 0.4017857142857143, 0.4017857142857143, 0.4017857142857143, -0.007209120375544875]}
[2018-10-22 16:43:04,998 - GDC - INFO] scores are {'KNeighborsClassifier': [0.25139664804469275, 0.25139664804469275, 0.25139664804469275, 0.25139664804469275, -0.002793879575956969]}
[2018-10-22 21:39:19,677 - GDC - INFO] scores are {'KNeighborsClassifier': [0.4531384350816853, 0.4531384350816853, 0.4531384350816853, 0.4531384350816853, -0.007205982324949014]}
[2018-10-22 21:55:29,467 - GDC - INFO] scores are {'KNeighborsClassifier': [0.40928632846087704, 0.40928632846087704, 0.4092863284608771, 0.40928632846087704, -0.0048946295037389535]}
